#
# There is insufficient memory for the Java Runtime Environment to continue.
# Native memory allocation (mmap) failed to map 264241152 bytes for Failed to commit area from 0x0000000704200000 to 0x0000000713e00000 of length 264241152.
# Possible reasons:
#   The system is out of physical RAM or swap space
#   The process is running with CompressedOops enabled, and the Java Heap may be blocking the growth of the native heap
# Possible solutions:
#   Reduce memory load on the system
#   Increase physical memory or swap space
#   Check if swap backing store is full
#   Decrease Java heap size (-Xmx/-Xms)
#   Decrease number of Java threads
#   Decrease Java thread stack sizes (-Xss)
#   Set larger code cache with -XX:ReservedCodeCacheSize=
# This output file may be truncated or incomplete.
#
#  Out of Memory Error (./src/hotspot/os/windows/os_windows.cpp:3301), pid=1228, tid=15684
#
# JRE version:  (11.0.10+9) (build )
# Java VM: OpenJDK 64-Bit Server VM (11.0.10+9, mixed mode, sharing, tiered, compressed oops, g1 gc, windows-amd64)
# No core dump will be written. Minidumps are not enabled by default on client versions of Windows
#

---------------  S U M M A R Y ------------

Command Line: -javaagent:C:\Program Files\JetBrains\IntelliJ IDEA Community Edition 2020.3.2\lib\idea_rt.jar=56409:C:\Program Files\JetBrains\IntelliJ IDEA Community Edition 2020.3.2\bin -Dfile.encoding=UTF-8 com.techelevator.tenmo.App

Host: 11th Gen Intel(R) Core(TM) i7-1185G7 @ 3.00GHz, 8 cores, 15G,  Windows 10 , 64 bit Build 19041 (10.0.19041.1202)
Time: Fri Nov  5 17:17:39 2021 Eastern Daylight Time elapsed time: 0.010169 seconds (0d 0h 0m 0s)

---------------  T H R E A D  ---------------

Current thread (0x000002d274b20000):  JavaThread "Unknown thread" [_thread_in_vm, id=15684, stack(0x000000f651100000,0x000000f651200000)]

Stack: [0x000000f651100000,0x000000f651200000]
Native frames: (J=compiled Java code, j=interpreted, Vv=VM code, C=native code)
V  [jvm.dll+0x5f35ea]
V  [jvm.dll+0x77c65e]
V  [jvm.dll+0x77dd2f]
V  [jvm.dll+0x77e3f3]
V  [jvm.dll+0x246c38]
V  [jvm.dll+0x5f079a]
V  [jvm.dll+0x5e53c5]
V  [jvm.dll+0x2fba4c]
V  [jvm.dll+0x2fb8d2]
V  [jvm.dll+0x300586]
V  [jvm.dll+0x344cff]
V  [jvm.dll+0x344730]
V  [jvm.dll+0x2d8cb8]
V  [jvm.dll+0x2d9e06]
V  [jvm.dll+0x757c77]
V  [jvm.dll+0x7593ff]
V  [jvm.dll+0x351a59]
V  [jvm.dll+0x73aea0]
V  [jvm.dll+0x3b929f]
V  [jvm.dll+0x3bb7a1]
C  [jli.dll+0x520b]
C  [ucrtbase.dll+0x21bb2]
C  [KERNEL32.DLL+0x17034]
C  [ntdll.dll+0x52651]


---------------  P R O C E S S  ---------------

Threads class SMR info:
_java_thread_list=0x000002d27299bf40, length=0, elements={
}

Java Threads: ( => current thread )

Other Threads:
  0x000002d274b37800 GCTaskThread "GC Thread#0" [stack: 0x000000f651200000,0x000000f651300000] [id=3060]
  0x000002d274b92000 ConcurrentGCThread "G1 Main Marker" [stack: 0x000000f651300000,0x000000f651400000] [id=16812]
  0x000002d274b98800 ConcurrentGCThread "G1 Conc#0" [stack: 0x000000f651400000,0x000000f651500000] [id=8884]

[error occurred during error reporting (printing all threads), id 0xc0000005, EXCEPTION_ACCESS_VIOLATION (0xc0000005) at pc=0x00007ffd403f8337]

VM state:not at safepoint (not fully initialized)

VM Mutex/Monitor currently owned by a thread:  ([mutex/lock_event])
[0x000002d274b1d5a0] Heap_lock - owner thread: 0x000002d274b20000

Heap address: 0x0000000704200000, size: 4030 MB, Compressed Oops mode: Non-zero based: 0x0000000704200000
Narrow klass base: 0x0000000000000000, Narrow klass shift: 0

GC Heap History (0 events):
No events

Deoptimization events (0 events):
No events

Classes redefined (0 events):
No events

Internal exceptions (0 events):
No events

Events (1 events):
Event: 0.006 Loaded shared library C:\Program Files\OpenJDK\jdk-11.0.10+9\bin\zip.dll


Dynamic libraries:
0x00007ff68ae20000 - 0x00007ff68ae2d000 	C:\Program Files\OpenJDK\jdk-11.0.10+9\bin\java.exe
0x00007ffdb9210000 - 0x00007ffdb9405000 	C:\WINDOWS\SYSTEM32\ntdll.dll
0x00007ffdb8a00000 - 0x00007ffdb8abe000 	C:\WINDOWS\System32\KERNEL32.DLL
0x00007ffdb6dd0000 - 0x00007ffdb7099000 	C:\WINDOWS\System32\KERNELBASE.dll
0x00007ffdb7130000 - 0x00007ffdb7230000 	C:\WINDOWS\System32\ucrtbase.dll
0x00007ffdae630000 - 0x00007ffdae645000 	C:\Program Files\OpenJDK\jdk-11.0.10+9\bin\VCRUNTIME140.dll
0x00007ffdae6f0000 - 0x00007ffdae707000 	C:\Program Files\OpenJDK\jdk-11.0.10+9\bin\jli.dll
0x00007ffdb7260000 - 0x00007ffdb7401000 	C:\WINDOWS\System32\USER32.dll
0x00007ffd8f970000 - 0x00007ffd8fc0a000 	C:\WINDOWS\WinSxS\amd64_microsoft.windows.common-controls_6595b64144ccf1df_6.0.19041.1110_none_60b5254171f9507e\COMCTL32.dll
0x00007ffdb7100000 - 0x00007ffdb7122000 	C:\WINDOWS\System32\win32u.dll
0x00007ffdb7ec0000 - 0x00007ffdb7f5e000 	C:\WINDOWS\System32\msvcrt.dll
0x00007ffdb8360000 - 0x00007ffdb838b000 	C:\WINDOWS\System32\GDI32.dll
0x00007ffdb6930000 - 0x00007ffdb6a3b000 	C:\WINDOWS\System32\gdi32full.dll
0x00007ffdb6b80000 - 0x00007ffdb6c1d000 	C:\WINDOWS\System32\msvcp_win.dll
0x00007ffdb8100000 - 0x00007ffdb8130000 	C:\WINDOWS\System32\IMM32.DLL
0x00007ffd72de0000 - 0x00007ffd72e7b000 	C:\Program Files\OpenJDK\jdk-11.0.10+9\bin\msvcp140.dll
0x00007ffd40110000 - 0x00007ffd40c53000 	C:\Program Files\OpenJDK\jdk-11.0.10+9\bin\server\jvm.dll
0x00007ffdb8130000 - 0x00007ffdb81dc000 	C:\WINDOWS\System32\ADVAPI32.dll
0x00007ffdb88e0000 - 0x00007ffdb897b000 	C:\WINDOWS\System32\sechost.dll
0x00007ffdb7fd0000 - 0x00007ffdb80fa000 	C:\WINDOWS\System32\RPCRT4.dll
0x00007ffdb8980000 - 0x00007ffdb8988000 	C:\WINDOWS\System32\PSAPI.DLL
0x00007ffd93230000 - 0x00007ffd93257000 	C:\WINDOWS\SYSTEM32\WINMM.dll
0x00007ffda8c20000 - 0x00007ffda8c2a000 	C:\WINDOWS\SYSTEM32\VERSION.dll
0x00007ffd9b180000 - 0x00007ffd9b189000 	C:\WINDOWS\SYSTEM32\WSOCK32.dll
0x00007ffdb8990000 - 0x00007ffdb89fb000 	C:\WINDOWS\System32\WS2_32.dll
0x00007ffdb51b0000 - 0x00007ffdb51c2000 	C:\WINDOWS\SYSTEM32\kernel.appcore.dll
0x00007ffdb0640000 - 0x00007ffdb0650000 	C:\Program Files\OpenJDK\jdk-11.0.10+9\bin\verify.dll
0x00007ffdb2cb0000 - 0x00007ffdb2e94000 	C:\WINDOWS\SYSTEM32\DBGHELP.DLL
0x00007ffd85720000 - 0x00007ffd8574c000 	C:\WINDOWS\SYSTEM32\dbgcore.DLL
0x00007ffdb6a40000 - 0x00007ffdb6ac3000 	C:\WINDOWS\System32\bcryptPrimitives.dll
0x00007ffdae230000 - 0x00007ffdae258000 	C:\Program Files\OpenJDK\jdk-11.0.10+9\bin\java.dll
0x00007ffdb0600000 - 0x00007ffdb060a000 	C:\Program Files\OpenJDK\jdk-11.0.10+9\bin\jimage.dll
0x00007ffd8f1d0000 - 0x00007ffd8f1de000 	C:\Program Files\OpenJDK\jdk-11.0.10+9\bin\instrument.dll
0x00007ffd908e0000 - 0x00007ffd908f7000 	C:\Program Files\OpenJDK\jdk-11.0.10+9\bin\zip.dll

dbghelp: loaded successfully - version: 4.0.5 - missing functions: none
symbol engine: initialized successfully - sym options: 0x614 - pdb path: .;C:\Program Files\OpenJDK\jdk-11.0.10+9\bin;C:\WINDOWS\SYSTEM32;C:\WINDOWS\WinSxS\amd64_microsoft.windows.common-controls_6595b64144ccf1df_6.0.19041.1110_none_60b5254171f9507e;C:\Program Files\OpenJDK\jdk-11.0.10+9\bin\server

VM Arguments:
jvm_args: -javaagent:C:\Program Files\JetBrains\IntelliJ IDEA Community Edition 2020.3.2\lib\idea_rt.jar=56409:C:\Program Files\JetBrains\IntelliJ IDEA Community Edition 2020.3.2\bin -Dfile.encoding=UTF-8 
java_command: com.techelevator.tenmo.App
java_class_path (initial): C:\Users\Student\source\repos\team1-java-blue-week08-pair-exercises\m2-api-capstone\tenmo-client\target\classes;C:\Users\Student\.m2\repository\org\springframework\spring-core\5.2.6.RELEASE\spring-core-5.2.6.RELEASE.jar;C:\Users\Student\.m2\repository\org\springframework\spring-jcl\5.2.6.RELEASE\spring-jcl-5.2.6.RELEASE.jar;C:\Users\Student\.m2\repository\org\springframework\spring-web\5.2.6.RELEASE\spring-web-5.2.6.RELEASE.jar;C:\Users\Student\.m2\repository\org\springframework\spring-beans\5.2.6.RELEASE\spring-beans-5.2.6.RELEASE.jar;C:\Users\Student\.m2\repository\com\fasterxml\jackson\core\jackson-core\2.10.3\jackson-core-2.10.3.jar;C:\Users\Student\.m2\repository\com\fasterxml\jackson\core\jackson-databind\2.10.3\jackson-databind-2.10.3.jar;C:\Users\Student\.m2\repository\com\fasterxml\jackson\core\jackson-annotations\2.10.3\jackson-annotations-2.10.3.jar;C:\Users\Student\.m2\repository\org\bouncycastle\bcprov-jdk16\1.46\bcprov-jdk16-1.46.jar;C:\Users\Student\.m2\repository\org\seleniumhq\selenium\selenium-java\3.141.59\selenium-java-3.141.59.jar;C:\Users\Student\.m2\repository\org\seleniumhq\selenium\selenium-api\3.141.59\selenium-api-3.141.59.jar;C:\Users\Student\.m2\repository\org\seleniumhq\selenium\selenium-edge-driver\3.141.59\selenium-edge-driver-3.141.59.jar;C:\Users\Student\.m2\repository\org\seleniumhq\selenium\selenium-firefox-driver\3.141.59\selenium-firefox-driver-3.141.59.jar;C:\Users\Student\.m2\repository\org\seleniumhq\selenium\selenium-ie-driver\3.141.59\selenium-ie-driver-3.141.59.jar;C:\Users\Student\.m2\repository\org\seleniumhq\selenium\selenium-opera-driver\3.141.59\selenium-opera-driver-3.141.59.jar;C:\Users\Student\.m2\repository\org\seleniumhq\selenium\selenium-remote-driver\3.141.59\selenium-remote-driver-3.141.59.jar;C:\Users\Student\.m2\repository\org\seleniumhq\selenium\selenium-safari-driver\3.141.59\selenium-safari-driver-3.141.59.jar;C:\Users\Student\.m2\repository\org\seleniumhq\selenium\selenium-su
Launcher Type: SUN_STANDARD

[Global flags]
     intx CICompilerCount                          = 4                                         {product} {ergonomic}
     uint ConcGCThreads                            = 2                                         {product} {ergonomic}
     uint G1ConcRefinementThreads                  = 8                                         {product} {ergonomic}
   size_t G1HeapRegionSize                         = 1048576                                   {product} {ergonomic}
    uintx GCDrainStackTargetSize                   = 64                                        {product} {ergonomic}
   size_t InitialHeapSize                          = 264241152                                 {product} {ergonomic}
   size_t MarkStackSize                            = 4194304                                   {product} {ergonomic}
   size_t MaxHeapSize                              = 4225761280                                {product} {ergonomic}
   size_t MinHeapDeltaBytes                        = 1048576                                   {product} {ergonomic}
    uintx NonNMethodCodeHeapSize                   = 5836300                                {pd product} {ergonomic}
    uintx NonProfiledCodeHeapSize                  = 122910970                              {pd product} {ergonomic}
    uintx ProfiledCodeHeapSize                     = 122910970                              {pd product} {ergonomic}
    uintx ReservedCodeCacheSize                    = 251658240                              {pd product} {ergonomic}
     bool SegmentedCodeCache                       = true                                      {product} {ergonomic}
     bool UseCompressedClassPointers               = true                                 {lp64_product} {ergonomic}
     bool UseCompressedOops                        = true                                 {lp64_product} {ergonomic}
     bool UseG1GC                                  = true                                      {product} {ergonomic}
     bool UseLargePagesIndividualAllocation        = false                                  {pd product} {ergonomic}

Logging:
Log output configuration:
 #0: stdout all=warning uptime,level,tags
 #1: stderr all=off uptime,level,tags

Environment Variables:
JAVA_HOME=C:\Program Files\OpenJDK\jdk-11.0.10+9
PATH=C:\WINDOWS\system32;C:\WINDOWS;C:\WINDOWS\System32\Wbem;C:\WINDOWS\System32\WindowsPowerShell\v1.0\;C:\WINDOWS\System32\OpenSSH\;C:\ProgramData\chocolatey\bin;C:\Program Files\Git\cmd;C:\Program Files\dotnet\;C:\Program Files\Microsoft SQL Server\130\Tools\Binn\;C:\Program Files\Microsoft SQL Server\Client SDK\ODBC\170\Tools\Binn\;C:\Program Files (x86)\Microsoft SQL Server\150\Tools\Binn\;C:\Program Files\Microsoft SQL Server\150\Tools\Binn\;C:\Program Files\Microsoft SQL Server\150\DTS\Binn\;C:\Program Files (x86)\Microsoft SQL Server\150\DTS\Binn\;C:\Program Files\Azure Data Studio\bin;C:\Program Files\OpenJDK\jdk-11.0.10+9\bin;C:\Program Files\PostgreSQL\12\bin;C:\Program Files\Maven\apache-maven-3.6.3\bin;C:\Program Files\ChromeDriver;C:\Program Files\Node\node-v14.15.5-win-x64;;C:\Program Files\Microsoft VS Code\bin;C:\Users\Student\AppData\Local\Microsoft\WindowsApps;C:\Users\Student\.dotnet\tools;C:\Program Files\Azure Data Studio\bin
USERNAME=Student
OS=Windows_NT
PROCESSOR_IDENTIFIER=Intel64 Family 6 Model 140 Stepping 1, GenuineIntel



---------------  S Y S T E M  ---------------

OS: Windows 10 , 64 bit Build 19041 (10.0.19041.1202)
OS uptime: 4 days 8:49 hours

CPU:total 8 (initial active 8) (4 cores per cpu, 2 threads per core) family 6 model 140 stepping 1 microcode 0x6e, cmov, cx8, fxsr, mmx, sse, sse2, sse3, ssse3, sse4.1, sse4.2, popcnt, avx, avx2, aes, clmul, erms, 3dnowpref, lzcnt, ht, tsc, tscinvbit, bmi1, bmi2, adx, evex, sha, fma

Memory: 4k page, system-wide physical 16113M (5111M free)
TotalPageFile size 19187M (AvailPageFile size 203M)
current process WorkingSet (physical memory assigned to process): 10M, peak: 10M
current process commit charge ("private bytes"): 60M, peak: 312M

vm_info: OpenJDK 64-Bit Server VM (11.0.10+9) for windows-amd64 JRE (11.0.10+9), built on Jan 20 2021 06:07:07 by "" with MS VC++ 15.9 (VS2017)

END.
